<?xml version="1.0" encoding="UTF-8"?>
<testng-results ignored="0" total="2" passed="2" failed="0" skipped="0">
  <reporter-output>
  </reporter-output>
  <suite started-at="2022-06-30T15:57:01 CDT" name="Default suite" finished-at="2022-06-30T15:57:26 CDT" duration-ms="25168">
    <groups>
    </groups>
    <test started-at="2022-06-30T15:57:01 CDT" name="Default test" finished-at="2022-06-30T15:57:26 CDT" duration-ms="25168">
      <class name="com.multitest.HWTestNGfirstrun">
        <test-method signature="PrintInReverse()[pri:1, instance:com.multitest.HWTestNGfirstrun@59309333]" started-at="2022-06-30T15:57:01 CDT" name="PrintInReverse" finished-at="2022-06-30T15:57:16 CDT" duration-ms="15176" status="PASS">
          <reporter-output>
          </reporter-output>
        </test-method> <!-- PrintInReverse -->
        <test-method signature="PrintTillIndia()[pri:2, instance:com.multitest.HWTestNGfirstrun@59309333]" started-at="2022-06-30T15:57:16 CDT" name="PrintTillIndia" finished-at="2022-06-30T15:57:26 CDT" duration-ms="9906" status="PASS">
          <reporter-output>
          </reporter-output>
        </test-method> <!-- PrintTillIndia -->
      </class> <!-- com.multitest.HWTestNGfirstrun -->
    </test> <!-- Default test -->
  </suite> <!-- Default suite -->
</testng-results>
